Iterations:  15
Port app: 4001
Port db: 5433
Production: yes
Container name: phoenixAdaptiveSequence
0f48aebad23686f8d9bdedd0291a76f08ed08d3fe026917f16051e26a72ad9a5
Waiting for application servers to start...
Start testing
Project name:  phoenixAdaptiveSequence
Database port for remote connection:  5433
Application port for remote connection:  4001
Chromedriver port:  9516
skipping install
ADAPTIVE RANDOM STRATEGY: sequence only
Starting chromedriver on port 9516
Starting ChromeDriver 2.46.628388 (4a34a70827ac54148e092aafb70504c4ea7ae926) on port 9516
Only local connections are allowed.
Please protect ports used by ChromeDriver and related test frameworks to prevent access by malicious code.
Stopping chromedriver process listening on port 9516
53768
Finding children processes of chromedriver and killing them
Removing session file if exists
YAY! No job has failed.
Project name:  phoenixAdaptiveSequence
Database port for remote connection:  5433
Application port for remote connection:  4001
Chromedriver port:  9516
skipping install
ADAPTIVE RANDOM STRATEGY: sequence only
Starting chromedriver on port 9516
Starting ChromeDriver 2.46.628388 (4a34a70827ac54148e092aafb70504c4ea7ae926) on port 9516
Only local connections are allowed.
Please protect ports used by ChromeDriver and related test frameworks to prevent access by malicious code.
Stopping chromedriver process listening on port 9516
53808
Finding children processes of chromedriver and killing them
Removing session file if exists
YAY! No job has failed.
Project name:  phoenixAdaptiveSequence
Database port for remote connection:  5433
Application port for remote connection:  4001
Chromedriver port:  9516
skipping install
ADAPTIVE RANDOM STRATEGY: sequence only
Starting chromedriver on port 9516
Starting ChromeDriver 2.46.628388 (4a34a70827ac54148e092aafb70504c4ea7ae926) on port 9516
Only local connections are allowed.
Please protect ports used by ChromeDriver and related test frameworks to prevent access by malicious code.
Stopping chromedriver process listening on port 9516
53848
Finding children processes of chromedriver and killing them
Removing session file if exists
YAY! No job has failed.
Project name:  phoenixAdaptiveSequence
Database port for remote connection:  5433
Application port for remote connection:  4001
Chromedriver port:  9516
skipping install
ADAPTIVE RANDOM STRATEGY: sequence only
Starting chromedriver on port 9516
Starting ChromeDriver 2.46.628388 (4a34a70827ac54148e092aafb70504c4ea7ae926) on port 9516
Only local connections are allowed.
Please protect ports used by ChromeDriver and related test frameworks to prevent access by malicious code.
Stopping chromedriver process listening on port 9516
53889
Finding children processes of chromedriver and killing them
Removing session file if exists
YAY! No job has failed.
Project name:  phoenixAdaptiveSequence
Database port for remote connection:  5433
Application port for remote connection:  4001
Chromedriver port:  9516
skipping install
ADAPTIVE RANDOM STRATEGY: sequence only
Starting chromedriver on port 9516
Starting ChromeDriver 2.46.628388 (4a34a70827ac54148e092aafb70504c4ea7ae926) on port 9516
Only local connections are allowed.
Please protect ports used by ChromeDriver and related test frameworks to prevent access by malicious code.
Stopping chromedriver process listening on port 9516
53929
Finding children processes of chromedriver and killing them
Removing session file if exists
YAY! No job has failed.
Project name:  phoenixAdaptiveSequence
Database port for remote connection:  5433
Application port for remote connection:  4001
Chromedriver port:  9516
skipping install
ADAPTIVE RANDOM STRATEGY: sequence only
Starting chromedriver on port 9516
Starting ChromeDriver 2.46.628388 (4a34a70827ac54148e092aafb70504c4ea7ae926) on port 9516
Only local connections are allowed.
Please protect ports used by ChromeDriver and related test frameworks to prevent access by malicious code.
Stopping chromedriver process listening on port 9516
53969
Finding children processes of chromedriver and killing them
Removing session file if exists
YAY! No job has failed.
Project name:  phoenixAdaptiveSequence
Database port for remote connection:  5433
Application port for remote connection:  4001
Chromedriver port:  9516
skipping install
ADAPTIVE RANDOM STRATEGY: sequence only
Starting chromedriver on port 9516
Starting ChromeDriver 2.46.628388 (4a34a70827ac54148e092aafb70504c4ea7ae926) on port 9516
Only local connections are allowed.
Please protect ports used by ChromeDriver and related test frameworks to prevent access by malicious code.
Stopping chromedriver process listening on port 9516
54009
Finding children processes of chromedriver and killing them
Removing session file if exists
YAY! No job has failed.
Project name:  phoenixAdaptiveSequence
Database port for remote connection:  5433
Application port for remote connection:  4001
Chromedriver port:  9516
skipping install
ADAPTIVE RANDOM STRATEGY: sequence only
Starting chromedriver on port 9516
Starting ChromeDriver 2.46.628388 (4a34a70827ac54148e092aafb70504c4ea7ae926) on port 9516
Only local connections are allowed.
Please protect ports used by ChromeDriver and related test frameworks to prevent access by malicious code.
Stopping chromedriver process listening on port 9516
54049
Finding children processes of chromedriver and killing them
Removing session file if exists
YAY! No job has failed.
Project name:  phoenixAdaptiveSequence
Database port for remote connection:  5433
Application port for remote connection:  4001
Chromedriver port:  9516
skipping install
ADAPTIVE RANDOM STRATEGY: sequence only
Starting chromedriver on port 9516
Starting ChromeDriver 2.46.628388 (4a34a70827ac54148e092aafb70504c4ea7ae926) on port 9516
Only local connections are allowed.
Please protect ports used by ChromeDriver and related test frameworks to prevent access by malicious code.
Stopping chromedriver process listening on port 9516
54089
Finding children processes of chromedriver and killing them
Removing session file if exists
YAY! No job has failed.
Project name:  phoenixAdaptiveSequence
Database port for remote connection:  5433
Application port for remote connection:  4001
Chromedriver port:  9516
skipping install
ADAPTIVE RANDOM STRATEGY: sequence only
Starting chromedriver on port 9516
Starting ChromeDriver 2.46.628388 (4a34a70827ac54148e092aafb70504c4ea7ae926) on port 9516
Only local connections are allowed.
Please protect ports used by ChromeDriver and related test frameworks to prevent access by malicious code.
Stopping chromedriver process listening on port 9516
54129
Finding children processes of chromedriver and killing them
Removing session file if exists
YAY! No job has failed.
Project name:  phoenixAdaptiveSequence
Database port for remote connection:  5433
Application port for remote connection:  4001
Chromedriver port:  9516
skipping install
ADAPTIVE RANDOM STRATEGY: sequence only
Starting chromedriver on port 9516
Starting ChromeDriver 2.46.628388 (4a34a70827ac54148e092aafb70504c4ea7ae926) on port 9516
Only local connections are allowed.
Please protect ports used by ChromeDriver and related test frameworks to prevent access by malicious code.
Stopping chromedriver process listening on port 9516
54169
Finding children processes of chromedriver and killing them
Removing session file if exists
YAY! No job has failed.
Project name:  phoenixAdaptiveSequence
Database port for remote connection:  5433
Application port for remote connection:  4001
Chromedriver port:  9516
skipping install
ADAPTIVE RANDOM STRATEGY: sequence only
Starting chromedriver on port 9516
Starting ChromeDriver 2.46.628388 (4a34a70827ac54148e092aafb70504c4ea7ae926) on port 9516
Only local connections are allowed.
Please protect ports used by ChromeDriver and related test frameworks to prevent access by malicious code.
Stopping chromedriver process listening on port 9516
54210
Finding children processes of chromedriver and killing them
Removing session file if exists
YAY! No job has failed.
Project name:  phoenixAdaptiveSequence
Database port for remote connection:  5433
Application port for remote connection:  4001
Chromedriver port:  9516
skipping install
ADAPTIVE RANDOM STRATEGY: sequence only
Starting chromedriver on port 9516
Starting ChromeDriver 2.46.628388 (4a34a70827ac54148e092aafb70504c4ea7ae926) on port 9516
Only local connections are allowed.
Please protect ports used by ChromeDriver and related test frameworks to prevent access by malicious code.
Stopping chromedriver process listening on port 9516
54250
Finding children processes of chromedriver and killing them
Removing session file if exists
YAY! No job has failed.
Project name:  phoenixAdaptiveSequence
Database port for remote connection:  5433
Application port for remote connection:  4001
Chromedriver port:  9516
skipping install
ADAPTIVE RANDOM STRATEGY: sequence only
Starting chromedriver on port 9516
Starting ChromeDriver 2.46.628388 (4a34a70827ac54148e092aafb70504c4ea7ae926) on port 9516
Only local connections are allowed.
Please protect ports used by ChromeDriver and related test frameworks to prevent access by malicious code.
Stopping chromedriver process listening on port 9516
54290
Finding children processes of chromedriver and killing them
Removing session file if exists
YAY! No job has failed.
Project name:  phoenixAdaptiveSequence
Database port for remote connection:  5433
Application port for remote connection:  4001
Chromedriver port:  9516
skipping install
ADAPTIVE RANDOM STRATEGY: sequence only
Starting chromedriver on port 9516
Starting ChromeDriver 2.46.628388 (4a34a70827ac54148e092aafb70504c4ea7ae926) on port 9516
Only local connections are allowed.
Please protect ports used by ChromeDriver and related test frameworks to prevent access by malicious code.
Stopping chromedriver process listening on port 9516
54330
Finding children processes of chromedriver and killing them
Removing session file if exists
YAY! No job has failed.
Stopping containers
phoenixAdaptiveSequence
phoenixAdaptiveSequence
