Iterations:  30
Port app: 4201
Production: yes
Container name: splittypieAdaptiveSequence
4518a645aa2e763e63625c50b8782459cc6a2a3e10c7f074ceee1bfb4e196979
Waiting for application servers to start...
Start testing
Project name:  splittypieAdaptiveSequence
Application port for remote connection:  4201
Chromedriver port:  9516
skipping install
ADAPTIVE RANDOM STRATEGY: sequence only
Starting chromedriver on port 9516
Starting ChromeDriver 2.46.628388 (4a34a70827ac54148e092aafb70504c4ea7ae926) on port 9516
Only local connections are allowed.
Please protect ports used by ChromeDriver and related test frameworks to prevent access by malicious code.
Stopping chromedriver process listening on port 9516
Finding children processes of chromedriver and killing them
Removing session file if exists
YAY! No job has failed.
Project name:  splittypieAdaptiveSequence
Application port for remote connection:  4201
Chromedriver port:  9516
skipping install
ADAPTIVE RANDOM STRATEGY: sequence only
Starting chromedriver on port 9516
Starting ChromeDriver 2.46.628388 (4a34a70827ac54148e092aafb70504c4ea7ae926) on port 9516
Only local connections are allowed.
Please protect ports used by ChromeDriver and related test frameworks to prevent access by malicious code.
Stopping chromedriver process listening on port 9516
Finding children processes of chromedriver and killing them
Removing session file if exists
YAY! No job has failed.
Project name:  splittypieAdaptiveSequence
Application port for remote connection:  4201
Chromedriver port:  9516
skipping install
ADAPTIVE RANDOM STRATEGY: sequence only
Starting chromedriver on port 9516
Starting ChromeDriver 2.46.628388 (4a34a70827ac54148e092aafb70504c4ea7ae926) on port 9516
Only local connections are allowed.
Please protect ports used by ChromeDriver and related test frameworks to prevent access by malicious code.
Stopping chromedriver process listening on port 9516
Finding children processes of chromedriver and killing them
Removing session file if exists
YAY! No job has failed.
Project name:  splittypieAdaptiveSequence
Application port for remote connection:  4201
Chromedriver port:  9516
skipping install
ADAPTIVE RANDOM STRATEGY: sequence only
Starting chromedriver on port 9516
Starting ChromeDriver 2.46.628388 (4a34a70827ac54148e092aafb70504c4ea7ae926) on port 9516
Only local connections are allowed.
Please protect ports used by ChromeDriver and related test frameworks to prevent access by malicious code.
Stopping chromedriver process listening on port 9516
Finding children processes of chromedriver and killing them
Removing session file if exists
YAY! No job has failed.
Project name:  splittypieAdaptiveSequence
Application port for remote connection:  4201
Chromedriver port:  9516
skipping install
ADAPTIVE RANDOM STRATEGY: sequence only
Starting chromedriver on port 9516
Starting ChromeDriver 2.46.628388 (4a34a70827ac54148e092aafb70504c4ea7ae926) on port 9516
Only local connections are allowed.
Please protect ports used by ChromeDriver and related test frameworks to prevent access by malicious code.
Stopping chromedriver process listening on port 9516
Finding children processes of chromedriver and killing them
Removing session file if exists
YAY! No job has failed.
Project name:  splittypieAdaptiveSequence
Application port for remote connection:  4201
Chromedriver port:  9516
skipping install
ADAPTIVE RANDOM STRATEGY: sequence only
Starting chromedriver on port 9516
Starting ChromeDriver 2.46.628388 (4a34a70827ac54148e092aafb70504c4ea7ae926) on port 9516
Only local connections are allowed.
Please protect ports used by ChromeDriver and related test frameworks to prevent access by malicious code.
Stopping chromedriver process listening on port 9516
Finding children processes of chromedriver and killing them
Removing session file if exists
YAY! No job has failed.
Project name:  splittypieAdaptiveSequence
Application port for remote connection:  4201
Chromedriver port:  9516
skipping install
ADAPTIVE RANDOM STRATEGY: sequence only
Starting chromedriver on port 9516
Starting ChromeDriver 2.46.628388 (4a34a70827ac54148e092aafb70504c4ea7ae926) on port 9516
Only local connections are allowed.
Please protect ports used by ChromeDriver and related test frameworks to prevent access by malicious code.
Stopping chromedriver process listening on port 9516
Finding children processes of chromedriver and killing them
Removing session file if exists
YAY! No job has failed.
Project name:  splittypieAdaptiveSequence
Application port for remote connection:  4201
Chromedriver port:  9516
skipping install
ADAPTIVE RANDOM STRATEGY: sequence only
Starting chromedriver on port 9516
Starting ChromeDriver 2.46.628388 (4a34a70827ac54148e092aafb70504c4ea7ae926) on port 9516
Only local connections are allowed.
Please protect ports used by ChromeDriver and related test frameworks to prevent access by malicious code.
Stopping chromedriver process listening on port 9516
Finding children processes of chromedriver and killing them
Removing session file if exists
YAY! No job has failed.
Project name:  splittypieAdaptiveSequence
Application port for remote connection:  4201
Chromedriver port:  9516
skipping install
ADAPTIVE RANDOM STRATEGY: sequence only
Starting chromedriver on port 9516
Starting ChromeDriver 2.46.628388 (4a34a70827ac54148e092aafb70504c4ea7ae926) on port 9516
Only local connections are allowed.
Please protect ports used by ChromeDriver and related test frameworks to prevent access by malicious code.
Stopping chromedriver process listening on port 9516
Finding children processes of chromedriver and killing them
Removing session file if exists
YAY! No job has failed.
Project name:  splittypieAdaptiveSequence
Application port for remote connection:  4201
Chromedriver port:  9516
skipping install
ADAPTIVE RANDOM STRATEGY: sequence only
Starting chromedriver on port 9516
Starting ChromeDriver 2.46.628388 (4a34a70827ac54148e092aafb70504c4ea7ae926) on port 9516
Only local connections are allowed.
Please protect ports used by ChromeDriver and related test frameworks to prevent access by malicious code.
Stopping chromedriver process listening on port 9516
Finding children processes of chromedriver and killing them
Removing session file if exists
YAY! No job has failed.
Project name:  splittypieAdaptiveSequence
Application port for remote connection:  4201
Chromedriver port:  9516
skipping install
ADAPTIVE RANDOM STRATEGY: sequence only
Starting chromedriver on port 9516
Starting ChromeDriver 2.46.628388 (4a34a70827ac54148e092aafb70504c4ea7ae926) on port 9516
Only local connections are allowed.
Please protect ports used by ChromeDriver and related test frameworks to prevent access by malicious code.
Stopping chromedriver process listening on port 9516
Finding children processes of chromedriver and killing them
Removing session file if exists
YAY! No job has failed.
Project name:  splittypieAdaptiveSequence
Application port for remote connection:  4201
Chromedriver port:  9516
skipping install
ADAPTIVE RANDOM STRATEGY: sequence only
Starting chromedriver on port 9516
Starting ChromeDriver 2.46.628388 (4a34a70827ac54148e092aafb70504c4ea7ae926) on port 9516
Only local connections are allowed.
Please protect ports used by ChromeDriver and related test frameworks to prevent access by malicious code.
Stopping chromedriver process listening on port 9516
Finding children processes of chromedriver and killing them
Removing session file if exists
YAY! No job has failed.
Project name:  splittypieAdaptiveSequence
Application port for remote connection:  4201
Chromedriver port:  9516
skipping install
ADAPTIVE RANDOM STRATEGY: sequence only
Starting chromedriver on port 9516
Starting ChromeDriver 2.46.628388 (4a34a70827ac54148e092aafb70504c4ea7ae926) on port 9516
Only local connections are allowed.
Please protect ports used by ChromeDriver and related test frameworks to prevent access by malicious code.
Stopping chromedriver process listening on port 9516
Finding children processes of chromedriver and killing them
Removing session file if exists
YAY! No job has failed.
Project name:  splittypieAdaptiveSequence
Application port for remote connection:  4201
Chromedriver port:  9516
skipping install
ADAPTIVE RANDOM STRATEGY: sequence only
Starting chromedriver on port 9516
Starting ChromeDriver 2.46.628388 (4a34a70827ac54148e092aafb70504c4ea7ae926) on port 9516
Only local connections are allowed.
Please protect ports used by ChromeDriver and related test frameworks to prevent access by malicious code.
Stopping chromedriver process listening on port 9516
Finding children processes of chromedriver and killing them
Removing session file if exists
YAY! No job has failed.
Project name:  splittypieAdaptiveSequence
Application port for remote connection:  4201
Chromedriver port:  9516
skipping install
ADAPTIVE RANDOM STRATEGY: sequence only
Starting chromedriver on port 9516
Starting ChromeDriver 2.46.628388 (4a34a70827ac54148e092aafb70504c4ea7ae926) on port 9516
Only local connections are allowed.
Please protect ports used by ChromeDriver and related test frameworks to prevent access by malicious code.
Stopping chromedriver process listening on port 9516
Finding children processes of chromedriver and killing them
Removing session file if exists
YAY! No job has failed.
Project name:  splittypieAdaptiveSequence
Application port for remote connection:  4201
Chromedriver port:  9516
skipping install
ADAPTIVE RANDOM STRATEGY: sequence only
Starting chromedriver on port 9516
Starting ChromeDriver 2.46.628388 (4a34a70827ac54148e092aafb70504c4ea7ae926) on port 9516
Only local connections are allowed.
Please protect ports used by ChromeDriver and related test frameworks to prevent access by malicious code.
Stopping chromedriver process listening on port 9516
Finding children processes of chromedriver and killing them
Removing session file if exists
YAY! No job has failed.
Project name:  splittypieAdaptiveSequence
Application port for remote connection:  4201
Chromedriver port:  9516
skipping install
ADAPTIVE RANDOM STRATEGY: sequence only
Starting chromedriver on port 9516
Starting ChromeDriver 2.46.628388 (4a34a70827ac54148e092aafb70504c4ea7ae926) on port 9516
Only local connections are allowed.
Please protect ports used by ChromeDriver and related test frameworks to prevent access by malicious code.
Stopping chromedriver process listening on port 9516
Finding children processes of chromedriver and killing them
Removing session file if exists
YAY! No job has failed.
Project name:  splittypieAdaptiveSequence
Application port for remote connection:  4201
Chromedriver port:  9516
skipping install
ADAPTIVE RANDOM STRATEGY: sequence only
Starting chromedriver on port 9516
Starting ChromeDriver 2.46.628388 (4a34a70827ac54148e092aafb70504c4ea7ae926) on port 9516
Only local connections are allowed.
Please protect ports used by ChromeDriver and related test frameworks to prevent access by malicious code.
Stopping chromedriver process listening on port 9516
Finding children processes of chromedriver and killing them
Removing session file if exists
YAY! No job has failed.
Project name:  splittypieAdaptiveSequence
Application port for remote connection:  4201
Chromedriver port:  9516
skipping install
ADAPTIVE RANDOM STRATEGY: sequence only
Starting chromedriver on port 9516
Starting ChromeDriver 2.46.628388 (4a34a70827ac54148e092aafb70504c4ea7ae926) on port 9516
Only local connections are allowed.
Please protect ports used by ChromeDriver and related test frameworks to prevent access by malicious code.
Stopping chromedriver process listening on port 9516
Finding children processes of chromedriver and killing them
Removing session file if exists
YAY! No job has failed.
Project name:  splittypieAdaptiveSequence
Application port for remote connection:  4201
Chromedriver port:  9516
skipping install
ADAPTIVE RANDOM STRATEGY: sequence only
Starting chromedriver on port 9516
Starting ChromeDriver 2.46.628388 (4a34a70827ac54148e092aafb70504c4ea7ae926) on port 9516
Only local connections are allowed.
Please protect ports used by ChromeDriver and related test frameworks to prevent access by malicious code.
Stopping chromedriver process listening on port 9516
Finding children processes of chromedriver and killing them
Removing session file if exists
YAY! No job has failed.
Project name:  splittypieAdaptiveSequence
Application port for remote connection:  4201
Chromedriver port:  9516
skipping install
ADAPTIVE RANDOM STRATEGY: sequence only
Starting chromedriver on port 9516
Starting ChromeDriver 2.46.628388 (4a34a70827ac54148e092aafb70504c4ea7ae926) on port 9516
Only local connections are allowed.
Please protect ports used by ChromeDriver and related test frameworks to prevent access by malicious code.
Stopping chromedriver process listening on port 9516
Finding children processes of chromedriver and killing them
Removing session file if exists
YAY! No job has failed.
Project name:  splittypieAdaptiveSequence
Application port for remote connection:  4201
Chromedriver port:  9516
skipping install
ADAPTIVE RANDOM STRATEGY: sequence only
Starting chromedriver on port 9516
Starting ChromeDriver 2.46.628388 (4a34a70827ac54148e092aafb70504c4ea7ae926) on port 9516
Only local connections are allowed.
Please protect ports used by ChromeDriver and related test frameworks to prevent access by malicious code.
Stopping chromedriver process listening on port 9516
Finding children processes of chromedriver and killing them
Removing session file if exists
YAY! No job has failed.
Project name:  splittypieAdaptiveSequence
Application port for remote connection:  4201
Chromedriver port:  9516
skipping install
ADAPTIVE RANDOM STRATEGY: sequence only
Starting chromedriver on port 9516
Starting ChromeDriver 2.46.628388 (4a34a70827ac54148e092aafb70504c4ea7ae926) on port 9516
Only local connections are allowed.
Please protect ports used by ChromeDriver and related test frameworks to prevent access by malicious code.
Stopping chromedriver process listening on port 9516
Finding children processes of chromedriver and killing them
Removing session file if exists
YAY! No job has failed.
Project name:  splittypieAdaptiveSequence
Application port for remote connection:  4201
Chromedriver port:  9516
skipping install
ADAPTIVE RANDOM STRATEGY: sequence only
Starting chromedriver on port 9516
Starting ChromeDriver 2.46.628388 (4a34a70827ac54148e092aafb70504c4ea7ae926) on port 9516
Only local connections are allowed.
Please protect ports used by ChromeDriver and related test frameworks to prevent access by malicious code.
Stopping chromedriver process listening on port 9516
Finding children processes of chromedriver and killing them
Removing session file if exists
YAY! No job has failed.
Project name:  splittypieAdaptiveSequence
Application port for remote connection:  4201
Chromedriver port:  9516
skipping install
ADAPTIVE RANDOM STRATEGY: sequence only
Starting chromedriver on port 9516
Starting ChromeDriver 2.46.628388 (4a34a70827ac54148e092aafb70504c4ea7ae926) on port 9516
Only local connections are allowed.
Please protect ports used by ChromeDriver and related test frameworks to prevent access by malicious code.
Stopping chromedriver process listening on port 9516
Finding children processes of chromedriver and killing them
Removing session file if exists
YAY! No job has failed.
Project name:  splittypieAdaptiveSequence
Application port for remote connection:  4201
Chromedriver port:  9516
skipping install
ADAPTIVE RANDOM STRATEGY: sequence only
Starting chromedriver on port 9516
Starting ChromeDriver 2.46.628388 (4a34a70827ac54148e092aafb70504c4ea7ae926) on port 9516
Only local connections are allowed.
Please protect ports used by ChromeDriver and related test frameworks to prevent access by malicious code.
Stopping chromedriver process listening on port 9516
Finding children processes of chromedriver and killing them
Removing session file if exists
YAY! No job has failed.
Project name:  splittypieAdaptiveSequence
Application port for remote connection:  4201
Chromedriver port:  9516
skipping install
ADAPTIVE RANDOM STRATEGY: sequence only
Starting chromedriver on port 9516
Starting ChromeDriver 2.46.628388 (4a34a70827ac54148e092aafb70504c4ea7ae926) on port 9516
Only local connections are allowed.
Please protect ports used by ChromeDriver and related test frameworks to prevent access by malicious code.
Stopping chromedriver process listening on port 9516
Finding children processes of chromedriver and killing them
Removing session file if exists
YAY! No job has failed.
Project name:  splittypieAdaptiveSequence
Application port for remote connection:  4201
Chromedriver port:  9516
skipping install
ADAPTIVE RANDOM STRATEGY: sequence only
Starting chromedriver on port 9516
Starting ChromeDriver 2.46.628388 (4a34a70827ac54148e092aafb70504c4ea7ae926) on port 9516
Only local connections are allowed.
Please protect ports used by ChromeDriver and related test frameworks to prevent access by malicious code.
Stopping chromedriver process listening on port 9516
Finding children processes of chromedriver and killing them
Removing session file if exists
YAY! No job has failed.
Project name:  splittypieAdaptiveSequence
Application port for remote connection:  4201
Chromedriver port:  9516
skipping install
ADAPTIVE RANDOM STRATEGY: sequence only
Starting chromedriver on port 9516
Starting ChromeDriver 2.46.628388 (4a34a70827ac54148e092aafb70504c4ea7ae926) on port 9516
Only local connections are allowed.
Please protect ports used by ChromeDriver and related test frameworks to prevent access by malicious code.
Stopping chromedriver process listening on port 9516
Finding children processes of chromedriver and killing them
Removing session file if exists
YAY! No job has failed.
Project name:  splittypieAdaptiveSequence
Application port for remote connection:  4201
Chromedriver port:  9516
skipping install
ADAPTIVE RANDOM STRATEGY: sequence only
Starting chromedriver on port 9516
Starting ChromeDriver 2.46.628388 (4a34a70827ac54148e092aafb70504c4ea7ae926) on port 9516
Only local connections are allowed.
Please protect ports used by ChromeDriver and related test frameworks to prevent access by malicious code.
Stopping chromedriver process listening on port 9516
Finding children processes of chromedriver and killing them
Removing session file if exists
YAY! No job has failed.
Stopping containers
splittypieAdaptiveSequence
splittypieAdaptiveSequence
