Iterations:  15
Port app: 4001
Port db: 5433
Production: yes
Container name: phoenixAdaptiveSequence
55e79131db2a2ee69e04be53a13714bb1970b703656ccc90aaaa37cc410c619a
Waiting for application servers to start...
Start testing
Project name:  phoenixAdaptiveSequence
Database port for remote connection:  5433
Application port for remote connection:  4001
Chromedriver port:  9516
skipping install
ADAPTIVE RANDOM STRATEGY: sequence only
Starting chromedriver on port 9516
Starting ChromeDriver 2.46.628388 (4a34a70827ac54148e092aafb70504c4ea7ae926) on port 9516
Only local connections are allowed.
Please protect ports used by ChromeDriver and related test frameworks to prevent access by malicious code.
Stopping chromedriver process listening on port 9516
52683
Finding children processes of chromedriver and killing them
Removing session file if exists
YAY! No job has failed.
Project name:  phoenixAdaptiveSequence
Database port for remote connection:  5433
Application port for remote connection:  4001
Chromedriver port:  9516
skipping install
ADAPTIVE RANDOM STRATEGY: sequence only
Starting chromedriver on port 9516
Starting ChromeDriver 2.46.628388 (4a34a70827ac54148e092aafb70504c4ea7ae926) on port 9516
Only local connections are allowed.
Please protect ports used by ChromeDriver and related test frameworks to prevent access by malicious code.
Stopping chromedriver process listening on port 9516
52723
Finding children processes of chromedriver and killing them
Removing session file if exists
YAY! No job has failed.
Project name:  phoenixAdaptiveSequence
Database port for remote connection:  5433
Application port for remote connection:  4001
Chromedriver port:  9516
skipping install
ADAPTIVE RANDOM STRATEGY: sequence only
Starting chromedriver on port 9516
Starting ChromeDriver 2.46.628388 (4a34a70827ac54148e092aafb70504c4ea7ae926) on port 9516
Only local connections are allowed.
Please protect ports used by ChromeDriver and related test frameworks to prevent access by malicious code.
Stopping chromedriver process listening on port 9516
52763
Finding children processes of chromedriver and killing them
Removing session file if exists
YAY! No job has failed.
Project name:  phoenixAdaptiveSequence
Database port for remote connection:  5433
Application port for remote connection:  4001
Chromedriver port:  9516
skipping install
ADAPTIVE RANDOM STRATEGY: sequence only
Starting chromedriver on port 9516
Starting ChromeDriver 2.46.628388 (4a34a70827ac54148e092aafb70504c4ea7ae926) on port 9516
Only local connections are allowed.
Please protect ports used by ChromeDriver and related test frameworks to prevent access by malicious code.
Stopping chromedriver process listening on port 9516
52805
Finding children processes of chromedriver and killing them
Removing session file if exists
YAY! No job has failed.
Project name:  phoenixAdaptiveSequence
Database port for remote connection:  5433
Application port for remote connection:  4001
Chromedriver port:  9516
skipping install
ADAPTIVE RANDOM STRATEGY: sequence only
Starting chromedriver on port 9516
Starting ChromeDriver 2.46.628388 (4a34a70827ac54148e092aafb70504c4ea7ae926) on port 9516
Only local connections are allowed.
Please protect ports used by ChromeDriver and related test frameworks to prevent access by malicious code.
Stopping chromedriver process listening on port 9516
52845
Finding children processes of chromedriver and killing them
Removing session file if exists
YAY! No job has failed.
Project name:  phoenixAdaptiveSequence
Database port for remote connection:  5433
Application port for remote connection:  4001
Chromedriver port:  9516
skipping install
ADAPTIVE RANDOM STRATEGY: sequence only
Starting chromedriver on port 9516
Starting ChromeDriver 2.46.628388 (4a34a70827ac54148e092aafb70504c4ea7ae926) on port 9516
Only local connections are allowed.
Please protect ports used by ChromeDriver and related test frameworks to prevent access by malicious code.
Stopping chromedriver process listening on port 9516
52885
Finding children processes of chromedriver and killing them
Removing session file if exists
YAY! No job has failed.
Project name:  phoenixAdaptiveSequence
Database port for remote connection:  5433
Application port for remote connection:  4001
Chromedriver port:  9516
skipping install
ADAPTIVE RANDOM STRATEGY: sequence only
Starting chromedriver on port 9516
Starting ChromeDriver 2.46.628388 (4a34a70827ac54148e092aafb70504c4ea7ae926) on port 9516
Only local connections are allowed.
Please protect ports used by ChromeDriver and related test frameworks to prevent access by malicious code.
Stopping chromedriver process listening on port 9516
52957
Finding children processes of chromedriver and killing them
Removing session file if exists
YAY! No job has failed.
Project name:  phoenixAdaptiveSequence
Database port for remote connection:  5433
Application port for remote connection:  4001
Chromedriver port:  9516
skipping install
ADAPTIVE RANDOM STRATEGY: sequence only
Starting chromedriver on port 9516
Starting ChromeDriver 2.46.628388 (4a34a70827ac54148e092aafb70504c4ea7ae926) on port 9516
Only local connections are allowed.
Please protect ports used by ChromeDriver and related test frameworks to prevent access by malicious code.
Stopping chromedriver process listening on port 9516
52997
Finding children processes of chromedriver and killing them
Removing session file if exists
YAY! No job has failed.
Project name:  phoenixAdaptiveSequence
Database port for remote connection:  5433
Application port for remote connection:  4001
Chromedriver port:  9516
skipping install
ADAPTIVE RANDOM STRATEGY: sequence only
Starting chromedriver on port 9516
Starting ChromeDriver 2.46.628388 (4a34a70827ac54148e092aafb70504c4ea7ae926) on port 9516
Only local connections are allowed.
Please protect ports used by ChromeDriver and related test frameworks to prevent access by malicious code.
Stopping chromedriver process listening on port 9516
53037
Finding children processes of chromedriver and killing them
Removing session file if exists
YAY! No job has failed.
Project name:  phoenixAdaptiveSequence
Database port for remote connection:  5433
Application port for remote connection:  4001
Chromedriver port:  9516
skipping install
ADAPTIVE RANDOM STRATEGY: sequence only
Starting chromedriver on port 9516
Starting ChromeDriver 2.46.628388 (4a34a70827ac54148e092aafb70504c4ea7ae926) on port 9516
Only local connections are allowed.
Please protect ports used by ChromeDriver and related test frameworks to prevent access by malicious code.
Stopping chromedriver process listening on port 9516
53077
Finding children processes of chromedriver and killing them
Removing session file if exists
YAY! No job has failed.
Project name:  phoenixAdaptiveSequence
Database port for remote connection:  5433
Application port for remote connection:  4001
Chromedriver port:  9516
skipping install
ADAPTIVE RANDOM STRATEGY: sequence only
Starting chromedriver on port 9516
Starting ChromeDriver 2.46.628388 (4a34a70827ac54148e092aafb70504c4ea7ae926) on port 9516
Only local connections are allowed.
Please protect ports used by ChromeDriver and related test frameworks to prevent access by malicious code.
Stopping chromedriver process listening on port 9516
53117
Finding children processes of chromedriver and killing them
Removing session file if exists
YAY! No job has failed.
Project name:  phoenixAdaptiveSequence
Database port for remote connection:  5433
Application port for remote connection:  4001
Chromedriver port:  9516
skipping install
ADAPTIVE RANDOM STRATEGY: sequence only
Starting chromedriver on port 9516
Starting ChromeDriver 2.46.628388 (4a34a70827ac54148e092aafb70504c4ea7ae926) on port 9516
Only local connections are allowed.
Please protect ports used by ChromeDriver and related test frameworks to prevent access by malicious code.
Stopping chromedriver process listening on port 9516
53157
Finding children processes of chromedriver and killing them
Removing session file if exists
YAY! No job has failed.
Project name:  phoenixAdaptiveSequence
Database port for remote connection:  5433
Application port for remote connection:  4001
Chromedriver port:  9516
skipping install
ADAPTIVE RANDOM STRATEGY: sequence only
Starting chromedriver on port 9516
Starting ChromeDriver 2.46.628388 (4a34a70827ac54148e092aafb70504c4ea7ae926) on port 9516
Only local connections are allowed.
Please protect ports used by ChromeDriver and related test frameworks to prevent access by malicious code.
Stopping chromedriver process listening on port 9516
53197
Finding children processes of chromedriver and killing them
Removing session file if exists
YAY! No job has failed.
Project name:  phoenixAdaptiveSequence
Database port for remote connection:  5433
Application port for remote connection:  4001
Chromedriver port:  9516
skipping install
ADAPTIVE RANDOM STRATEGY: sequence only
Starting chromedriver on port 9516
Starting ChromeDriver 2.46.628388 (4a34a70827ac54148e092aafb70504c4ea7ae926) on port 9516
Only local connections are allowed.
Please protect ports used by ChromeDriver and related test frameworks to prevent access by malicious code.
Stopping chromedriver process listening on port 9516
53237
Finding children processes of chromedriver and killing them
Removing session file if exists
YAY! No job has failed.
Project name:  phoenixAdaptiveSequence
Database port for remote connection:  5433
Application port for remote connection:  4001
Chromedriver port:  9516
skipping install
ADAPTIVE RANDOM STRATEGY: sequence only
Starting chromedriver on port 9516
Starting ChromeDriver 2.46.628388 (4a34a70827ac54148e092aafb70504c4ea7ae926) on port 9516
Only local connections are allowed.
Please protect ports used by ChromeDriver and related test frameworks to prevent access by malicious code.
Stopping chromedriver process listening on port 9516
53277
Finding children processes of chromedriver and killing them
Removing session file if exists
YAY! No job has failed.
Stopping containers
phoenixAdaptiveSequence
phoenixAdaptiveSequence
