Iterations:  15
Port app: 4001
Production: yes
Container name: retroboardAdaptiveSequence
63bb42168c0a17c568a0b2acfa22e73283d928cdf78f1b61aa13949ce63425df
Waiting for application servers to start...
Start testing
Project name:  retroboardAdaptiveSequence
Application port for remote connection:  4001
Chromedriver port:  9516
skipping install
ADAPTIVE RANDOM STRATEGY: sequence only
Starting chromedriver on port 9516
Starting ChromeDriver 2.46.628388 (4a34a70827ac54148e092aafb70504c4ea7ae926) on port 9516
Only local connections are allowed.
Please protect ports used by ChromeDriver and related test frameworks to prevent access by malicious code.
Stopping chromedriver process listening on port 9516
Finding children processes of chromedriver and killing them
Removing session file if exists
YAY! No job has failed.
Project name:  retroboardAdaptiveSequence
Application port for remote connection:  4001
Chromedriver port:  9516
skipping install
ADAPTIVE RANDOM STRATEGY: sequence only
Starting chromedriver on port 9516
Starting ChromeDriver 2.46.628388 (4a34a70827ac54148e092aafb70504c4ea7ae926) on port 9516
Only local connections are allowed.
Please protect ports used by ChromeDriver and related test frameworks to prevent access by malicious code.
Stopping chromedriver process listening on port 9516
Finding children processes of chromedriver and killing them
Removing session file if exists
YAY! No job has failed.
Project name:  retroboardAdaptiveSequence
Application port for remote connection:  4001
Chromedriver port:  9516
skipping install
ADAPTIVE RANDOM STRATEGY: sequence only
Starting chromedriver on port 9516
Starting ChromeDriver 2.46.628388 (4a34a70827ac54148e092aafb70504c4ea7ae926) on port 9516
Only local connections are allowed.
Please protect ports used by ChromeDriver and related test frameworks to prevent access by malicious code.
Stopping chromedriver process listening on port 9516
Finding children processes of chromedriver and killing them
Removing session file if exists
YAY! No job has failed.
Project name:  retroboardAdaptiveSequence
Application port for remote connection:  4001
Chromedriver port:  9516
skipping install
ADAPTIVE RANDOM STRATEGY: sequence only
Starting chromedriver on port 9516
Starting ChromeDriver 2.46.628388 (4a34a70827ac54148e092aafb70504c4ea7ae926) on port 9516
Only local connections are allowed.
Please protect ports used by ChromeDriver and related test frameworks to prevent access by malicious code.
Stopping chromedriver process listening on port 9516
Finding children processes of chromedriver and killing them
Removing session file if exists
YAY! No job has failed.
Project name:  retroboardAdaptiveSequence
Application port for remote connection:  4001
Chromedriver port:  9516
skipping install
ADAPTIVE RANDOM STRATEGY: sequence only
Starting chromedriver on port 9516
Starting ChromeDriver 2.46.628388 (4a34a70827ac54148e092aafb70504c4ea7ae926) on port 9516
Only local connections are allowed.
Please protect ports used by ChromeDriver and related test frameworks to prevent access by malicious code.
Stopping chromedriver process listening on port 9516
Finding children processes of chromedriver and killing them
Removing session file if exists
YAY! No job has failed.
Project name:  retroboardAdaptiveSequence
Application port for remote connection:  4001
Chromedriver port:  9516
skipping install
ADAPTIVE RANDOM STRATEGY: sequence only
Starting chromedriver on port 9516
Starting ChromeDriver 2.46.628388 (4a34a70827ac54148e092aafb70504c4ea7ae926) on port 9516
Only local connections are allowed.
Please protect ports used by ChromeDriver and related test frameworks to prevent access by malicious code.
Stopping chromedriver process listening on port 9516
Finding children processes of chromedriver and killing them
Removing session file if exists
YAY! No job has failed.
Project name:  retroboardAdaptiveSequence
Application port for remote connection:  4001
Chromedriver port:  9516
skipping install
ADAPTIVE RANDOM STRATEGY: sequence only
Starting chromedriver on port 9516
Starting ChromeDriver 2.46.628388 (4a34a70827ac54148e092aafb70504c4ea7ae926) on port 9516
Only local connections are allowed.
Please protect ports used by ChromeDriver and related test frameworks to prevent access by malicious code.
Stopping chromedriver process listening on port 9516
Finding children processes of chromedriver and killing them
Removing session file if exists
YAY! No job has failed.
Project name:  retroboardAdaptiveSequence
Application port for remote connection:  4001
Chromedriver port:  9516
skipping install
ADAPTIVE RANDOM STRATEGY: sequence only
Starting chromedriver on port 9516
Starting ChromeDriver 2.46.628388 (4a34a70827ac54148e092aafb70504c4ea7ae926) on port 9516
Only local connections are allowed.
Please protect ports used by ChromeDriver and related test frameworks to prevent access by malicious code.
Stopping chromedriver process listening on port 9516
Finding children processes of chromedriver and killing them
Removing session file if exists
YAY! No job has failed.
Project name:  retroboardAdaptiveSequence
Application port for remote connection:  4001
Chromedriver port:  9516
skipping install
ADAPTIVE RANDOM STRATEGY: sequence only
Starting chromedriver on port 9516
Starting ChromeDriver 2.46.628388 (4a34a70827ac54148e092aafb70504c4ea7ae926) on port 9516
Only local connections are allowed.
Please protect ports used by ChromeDriver and related test frameworks to prevent access by malicious code.
Stopping chromedriver process listening on port 9516
Finding children processes of chromedriver and killing them
Removing session file if exists
YAY! No job has failed.
Project name:  retroboardAdaptiveSequence
Application port for remote connection:  4001
Chromedriver port:  9516
skipping install
ADAPTIVE RANDOM STRATEGY: sequence only
Starting chromedriver on port 9516
Starting ChromeDriver 2.46.628388 (4a34a70827ac54148e092aafb70504c4ea7ae926) on port 9516
Only local connections are allowed.
Please protect ports used by ChromeDriver and related test frameworks to prevent access by malicious code.
Stopping chromedriver process listening on port 9516
Finding children processes of chromedriver and killing them
Removing session file if exists
YAY! No job has failed.
Project name:  retroboardAdaptiveSequence
Application port for remote connection:  4001
Chromedriver port:  9516
skipping install
ADAPTIVE RANDOM STRATEGY: sequence only
Starting chromedriver on port 9516
Starting ChromeDriver 2.46.628388 (4a34a70827ac54148e092aafb70504c4ea7ae926) on port 9516
Only local connections are allowed.
Please protect ports used by ChromeDriver and related test frameworks to prevent access by malicious code.
Stopping chromedriver process listening on port 9516
Finding children processes of chromedriver and killing them
Removing session file if exists
YAY! No job has failed.
Project name:  retroboardAdaptiveSequence
Application port for remote connection:  4001
Chromedriver port:  9516
skipping install
ADAPTIVE RANDOM STRATEGY: sequence only
Starting chromedriver on port 9516
Starting ChromeDriver 2.46.628388 (4a34a70827ac54148e092aafb70504c4ea7ae926) on port 9516
Only local connections are allowed.
Please protect ports used by ChromeDriver and related test frameworks to prevent access by malicious code.
Stopping chromedriver process listening on port 9516
Finding children processes of chromedriver and killing them
Removing session file if exists
YAY! No job has failed.
Project name:  retroboardAdaptiveSequence
Application port for remote connection:  4001
Chromedriver port:  9516
skipping install
ADAPTIVE RANDOM STRATEGY: sequence only
Starting chromedriver on port 9516
Starting ChromeDriver 2.46.628388 (4a34a70827ac54148e092aafb70504c4ea7ae926) on port 9516
Only local connections are allowed.
Please protect ports used by ChromeDriver and related test frameworks to prevent access by malicious code.
Stopping chromedriver process listening on port 9516
Finding children processes of chromedriver and killing them
Removing session file if exists
YAY! No job has failed.
Project name:  retroboardAdaptiveSequence
Application port for remote connection:  4001
Chromedriver port:  9516
skipping install
ADAPTIVE RANDOM STRATEGY: sequence only
Starting chromedriver on port 9516
Starting ChromeDriver 2.46.628388 (4a34a70827ac54148e092aafb70504c4ea7ae926) on port 9516
Only local connections are allowed.
Please protect ports used by ChromeDriver and related test frameworks to prevent access by malicious code.
Stopping chromedriver process listening on port 9516
Finding children processes of chromedriver and killing them
Removing session file if exists
YAY! No job has failed.
Project name:  retroboardAdaptiveSequence
Application port for remote connection:  4001
Chromedriver port:  9516
skipping install
ADAPTIVE RANDOM STRATEGY: sequence only
Starting chromedriver on port 9516
Starting ChromeDriver 2.46.628388 (4a34a70827ac54148e092aafb70504c4ea7ae926) on port 9516
Only local connections are allowed.
Please protect ports used by ChromeDriver and related test frameworks to prevent access by malicious code.
Stopping chromedriver process listening on port 9516
Finding children processes of chromedriver and killing them
Removing session file if exists
YAY! No job has failed.
Stopping containers
retroboardAdaptiveSequence
retroboardAdaptiveSequence
