Iterations:  15
Port app: 3001
Port db: 3307
Production: yes
Container name: dimeshiftAdaptiveSequence
dbdaecdc0f03bb6aaf7a78007c47ad6edec3b57d21ccb4a5a4a5ed9b9f49440b
Waiting for application servers to start...
Start testing
Project name:  dimeshiftAdaptiveSequence
Database port for remote connection:  3307
Application port for remote connection:  3001
Chromedriver port:  9516
skipping install
ADAPTIVE RANDOM STRATEGY: sequence only
Starting chromedriver on port 9516
Starting ChromeDriver 2.46.628388 (4a34a70827ac54148e092aafb70504c4ea7ae926) on port 9516
Only local connections are allowed.
Please protect ports used by ChromeDriver and related test frameworks to prevent access by malicious code.
Stopping chromedriver process listening on port 9516
Finding children processes of chromedriver and killing them
Removing session file if exists
YAY! No job has failed.
Project name:  dimeshiftAdaptiveSequence
Database port for remote connection:  3307
Application port for remote connection:  3001
Chromedriver port:  9516
skipping install
ADAPTIVE RANDOM STRATEGY: sequence only
Starting chromedriver on port 9516
Starting ChromeDriver 2.46.628388 (4a34a70827ac54148e092aafb70504c4ea7ae926) on port 9516
Only local connections are allowed.
Please protect ports used by ChromeDriver and related test frameworks to prevent access by malicious code.
Stopping chromedriver process listening on port 9516
Finding children processes of chromedriver and killing them
Removing session file if exists
YAY! No job has failed.
Project name:  dimeshiftAdaptiveSequence
Database port for remote connection:  3307
Application port for remote connection:  3001
Chromedriver port:  9516
skipping install
ADAPTIVE RANDOM STRATEGY: sequence only
Starting chromedriver on port 9516
Starting ChromeDriver 2.46.628388 (4a34a70827ac54148e092aafb70504c4ea7ae926) on port 9516
Only local connections are allowed.
Please protect ports used by ChromeDriver and related test frameworks to prevent access by malicious code.
Stopping chromedriver process listening on port 9516
Finding children processes of chromedriver and killing them
Removing session file if exists
YAY! No job has failed.
Project name:  dimeshiftAdaptiveSequence
Database port for remote connection:  3307
Application port for remote connection:  3001
Chromedriver port:  9516
skipping install
ADAPTIVE RANDOM STRATEGY: sequence only
Starting chromedriver on port 9516
Starting ChromeDriver 2.46.628388 (4a34a70827ac54148e092aafb70504c4ea7ae926) on port 9516
Only local connections are allowed.
Please protect ports used by ChromeDriver and related test frameworks to prevent access by malicious code.
Stopping chromedriver process listening on port 9516
Finding children processes of chromedriver and killing them
Removing session file if exists
YAY! No job has failed.
Project name:  dimeshiftAdaptiveSequence
Database port for remote connection:  3307
Application port for remote connection:  3001
Chromedriver port:  9516
skipping install
ADAPTIVE RANDOM STRATEGY: sequence only
Starting chromedriver on port 9516
Starting ChromeDriver 2.46.628388 (4a34a70827ac54148e092aafb70504c4ea7ae926) on port 9516
Only local connections are allowed.
Please protect ports used by ChromeDriver and related test frameworks to prevent access by malicious code.
Stopping chromedriver process listening on port 9516
Finding children processes of chromedriver and killing them
Removing session file if exists
YAY! No job has failed.
Project name:  dimeshiftAdaptiveSequence
Database port for remote connection:  3307
Application port for remote connection:  3001
Chromedriver port:  9516
skipping install
ADAPTIVE RANDOM STRATEGY: sequence only
Starting chromedriver on port 9516
Starting ChromeDriver 2.46.628388 (4a34a70827ac54148e092aafb70504c4ea7ae926) on port 9516
Only local connections are allowed.
Please protect ports used by ChromeDriver and related test frameworks to prevent access by malicious code.
Stopping chromedriver process listening on port 9516
Finding children processes of chromedriver and killing them
Removing session file if exists
YAY! No job has failed.
Project name:  dimeshiftAdaptiveSequence
Database port for remote connection:  3307
Application port for remote connection:  3001
Chromedriver port:  9516
skipping install
ADAPTIVE RANDOM STRATEGY: sequence only
Starting chromedriver on port 9516
Starting ChromeDriver 2.46.628388 (4a34a70827ac54148e092aafb70504c4ea7ae926) on port 9516
Only local connections are allowed.
Please protect ports used by ChromeDriver and related test frameworks to prevent access by malicious code.
Stopping chromedriver process listening on port 9516
Finding children processes of chromedriver and killing them
Removing session file if exists
YAY! No job has failed.
Project name:  dimeshiftAdaptiveSequence
Database port for remote connection:  3307
Application port for remote connection:  3001
Chromedriver port:  9516
skipping install
ADAPTIVE RANDOM STRATEGY: sequence only
Starting chromedriver on port 9516
Starting ChromeDriver 2.46.628388 (4a34a70827ac54148e092aafb70504c4ea7ae926) on port 9516
Only local connections are allowed.
Please protect ports used by ChromeDriver and related test frameworks to prevent access by malicious code.
Stopping chromedriver process listening on port 9516
Finding children processes of chromedriver and killing them
Removing session file if exists
YAY! No job has failed.
Project name:  dimeshiftAdaptiveSequence
Database port for remote connection:  3307
Application port for remote connection:  3001
Chromedriver port:  9516
skipping install
ADAPTIVE RANDOM STRATEGY: sequence only
Starting chromedriver on port 9516
Starting ChromeDriver 2.46.628388 (4a34a70827ac54148e092aafb70504c4ea7ae926) on port 9516
Only local connections are allowed.
Please protect ports used by ChromeDriver and related test frameworks to prevent access by malicious code.
Stopping chromedriver process listening on port 9516
Finding children processes of chromedriver and killing them
Removing session file if exists
YAY! No job has failed.
Project name:  dimeshiftAdaptiveSequence
Database port for remote connection:  3307
Application port for remote connection:  3001
Chromedriver port:  9516
skipping install
ADAPTIVE RANDOM STRATEGY: sequence only
Starting chromedriver on port 9516
Starting ChromeDriver 2.46.628388 (4a34a70827ac54148e092aafb70504c4ea7ae926) on port 9516
Only local connections are allowed.
Please protect ports used by ChromeDriver and related test frameworks to prevent access by malicious code.
Stopping chromedriver process listening on port 9516
Finding children processes of chromedriver and killing them
Removing session file if exists
YAY! No job has failed.
Project name:  dimeshiftAdaptiveSequence
Database port for remote connection:  3307
Application port for remote connection:  3001
Chromedriver port:  9516
skipping install
ADAPTIVE RANDOM STRATEGY: sequence only
Starting chromedriver on port 9516
Starting ChromeDriver 2.46.628388 (4a34a70827ac54148e092aafb70504c4ea7ae926) on port 9516
Only local connections are allowed.
Please protect ports used by ChromeDriver and related test frameworks to prevent access by malicious code.
Stopping chromedriver process listening on port 9516
Finding children processes of chromedriver and killing them
Removing session file if exists
YAY! No job has failed.
Project name:  dimeshiftAdaptiveSequence
Database port for remote connection:  3307
Application port for remote connection:  3001
Chromedriver port:  9516
skipping install
ADAPTIVE RANDOM STRATEGY: sequence only
Starting chromedriver on port 9516
Starting ChromeDriver 2.46.628388 (4a34a70827ac54148e092aafb70504c4ea7ae926) on port 9516
Only local connections are allowed.
Please protect ports used by ChromeDriver and related test frameworks to prevent access by malicious code.
Stopping chromedriver process listening on port 9516
Finding children processes of chromedriver and killing them
Removing session file if exists
YAY! No job has failed.
Project name:  dimeshiftAdaptiveSequence
Database port for remote connection:  3307
Application port for remote connection:  3001
Chromedriver port:  9516
skipping install
ADAPTIVE RANDOM STRATEGY: sequence only
Starting chromedriver on port 9516
Starting ChromeDriver 2.46.628388 (4a34a70827ac54148e092aafb70504c4ea7ae926) on port 9516
Only local connections are allowed.
Please protect ports used by ChromeDriver and related test frameworks to prevent access by malicious code.
Stopping chromedriver process listening on port 9516
Finding children processes of chromedriver and killing them
Removing session file if exists
YAY! No job has failed.
Project name:  dimeshiftAdaptiveSequence
Database port for remote connection:  3307
Application port for remote connection:  3001
Chromedriver port:  9516
skipping install
ADAPTIVE RANDOM STRATEGY: sequence only
Starting chromedriver on port 9516
Starting ChromeDriver 2.46.628388 (4a34a70827ac54148e092aafb70504c4ea7ae926) on port 9516
Only local connections are allowed.
Please protect ports used by ChromeDriver and related test frameworks to prevent access by malicious code.
Stopping chromedriver process listening on port 9516
Finding children processes of chromedriver and killing them
Removing session file if exists
YAY! No job has failed.
Project name:  dimeshiftAdaptiveSequence
Database port for remote connection:  3307
Application port for remote connection:  3001
Chromedriver port:  9516
skipping install
ADAPTIVE RANDOM STRATEGY: sequence only
Starting chromedriver on port 9516
Starting ChromeDriver 2.46.628388 (4a34a70827ac54148e092aafb70504c4ea7ae926) on port 9516
Only local connections are allowed.
Please protect ports used by ChromeDriver and related test frameworks to prevent access by malicious code.
Stopping chromedriver process listening on port 9516
Finding children processes of chromedriver and killing them
Removing session file if exists
YAY! No job has failed.
Stopping containers
dimeshiftAdaptiveSequence
dimeshiftAdaptiveSequence
