Iterations:  30
Port app: 4001
Port db: 5433
Production: yes
Container name: phoenixAdaptiveSequence
70f6be52ac4913c360892bcf6ec1863c640068009fe096f19820119bbd83ba6e
Waiting for application servers to start...
Start testing
Project name:  phoenixAdaptiveSequence
Database port for remote connection:  5433
Application port for remote connection:  4001
Chromedriver port:  9516
skipping install
ADAPTIVE RANDOM STRATEGY: sequence only
Starting chromedriver on port 9516
Starting ChromeDriver 2.46.628388 (4a34a70827ac54148e092aafb70504c4ea7ae926) on port 9516
Only local connections are allowed.
Please protect ports used by ChromeDriver and related test frameworks to prevent access by malicious code.
Stopping chromedriver process listening on port 9516
97207
Finding children processes of chromedriver and killing them
Removing session file if exists
YAY! No job has failed.
Project name:  phoenixAdaptiveSequence
Database port for remote connection:  5433
Application port for remote connection:  4001
Chromedriver port:  9516
skipping install
ADAPTIVE RANDOM STRATEGY: sequence only
Starting chromedriver on port 9516
Starting ChromeDriver 2.46.628388 (4a34a70827ac54148e092aafb70504c4ea7ae926) on port 9516
Only local connections are allowed.
Please protect ports used by ChromeDriver and related test frameworks to prevent access by malicious code.
Stopping chromedriver process listening on port 9516
97247
Finding children processes of chromedriver and killing them
Removing session file if exists
YAY! No job has failed.
Project name:  phoenixAdaptiveSequence
Database port for remote connection:  5433
Application port for remote connection:  4001
Chromedriver port:  9516
skipping install
ADAPTIVE RANDOM STRATEGY: sequence only
Starting chromedriver on port 9516
Starting ChromeDriver 2.46.628388 (4a34a70827ac54148e092aafb70504c4ea7ae926) on port 9516
Only local connections are allowed.
Please protect ports used by ChromeDriver and related test frameworks to prevent access by malicious code.
Stopping chromedriver process listening on port 9516
97287
Finding children processes of chromedriver and killing them
Removing session file if exists
YAY! No job has failed.
Project name:  phoenixAdaptiveSequence
Database port for remote connection:  5433
Application port for remote connection:  4001
Chromedriver port:  9516
skipping install
ADAPTIVE RANDOM STRATEGY: sequence only
Starting chromedriver on port 9516
Starting ChromeDriver 2.46.628388 (4a34a70827ac54148e092aafb70504c4ea7ae926) on port 9516
Only local connections are allowed.
Please protect ports used by ChromeDriver and related test frameworks to prevent access by malicious code.
Stopping chromedriver process listening on port 9516
97328
Finding children processes of chromedriver and killing them
Removing session file if exists
YAY! No job has failed.
Project name:  phoenixAdaptiveSequence
Database port for remote connection:  5433
Application port for remote connection:  4001
Chromedriver port:  9516
skipping install
ADAPTIVE RANDOM STRATEGY: sequence only
Starting chromedriver on port 9516
Starting ChromeDriver 2.46.628388 (4a34a70827ac54148e092aafb70504c4ea7ae926) on port 9516
Only local connections are allowed.
Please protect ports used by ChromeDriver and related test frameworks to prevent access by malicious code.
Stopping chromedriver process listening on port 9516
97368
Finding children processes of chromedriver and killing them
Removing session file if exists
YAY! No job has failed.
Project name:  phoenixAdaptiveSequence
Database port for remote connection:  5433
Application port for remote connection:  4001
Chromedriver port:  9516
skipping install
ADAPTIVE RANDOM STRATEGY: sequence only
Starting chromedriver on port 9516
Starting ChromeDriver 2.46.628388 (4a34a70827ac54148e092aafb70504c4ea7ae926) on port 9516
Only local connections are allowed.
Please protect ports used by ChromeDriver and related test frameworks to prevent access by malicious code.
Stopping chromedriver process listening on port 9516
97408
Finding children processes of chromedriver and killing them
Removing session file if exists
YAY! No job has failed.
Project name:  phoenixAdaptiveSequence
Database port for remote connection:  5433
Application port for remote connection:  4001
Chromedriver port:  9516
skipping install
ADAPTIVE RANDOM STRATEGY: sequence only
Starting chromedriver on port 9516
Starting ChromeDriver 2.46.628388 (4a34a70827ac54148e092aafb70504c4ea7ae926) on port 9516
Only local connections are allowed.
Please protect ports used by ChromeDriver and related test frameworks to prevent access by malicious code.
Stopping chromedriver process listening on port 9516
97448
Finding children processes of chromedriver and killing them
Removing session file if exists
YAY! No job has failed.
Project name:  phoenixAdaptiveSequence
Database port for remote connection:  5433
Application port for remote connection:  4001
Chromedriver port:  9516
skipping install
ADAPTIVE RANDOM STRATEGY: sequence only
Starting chromedriver on port 9516
Starting ChromeDriver 2.46.628388 (4a34a70827ac54148e092aafb70504c4ea7ae926) on port 9516
Only local connections are allowed.
Please protect ports used by ChromeDriver and related test frameworks to prevent access by malicious code.
Stopping chromedriver process listening on port 9516
97501
Finding children processes of chromedriver and killing them
Removing session file if exists
YAY! No job has failed.
Project name:  phoenixAdaptiveSequence
Database port for remote connection:  5433
Application port for remote connection:  4001
Chromedriver port:  9516
skipping install
ADAPTIVE RANDOM STRATEGY: sequence only
Starting chromedriver on port 9516
Starting ChromeDriver 2.46.628388 (4a34a70827ac54148e092aafb70504c4ea7ae926) on port 9516
Only local connections are allowed.
Please protect ports used by ChromeDriver and related test frameworks to prevent access by malicious code.
Stopping chromedriver process listening on port 9516
97541
Finding children processes of chromedriver and killing them
Removing session file if exists
YAY! No job has failed.
Project name:  phoenixAdaptiveSequence
Database port for remote connection:  5433
Application port for remote connection:  4001
Chromedriver port:  9516
skipping install
ADAPTIVE RANDOM STRATEGY: sequence only
Starting chromedriver on port 9516
Starting ChromeDriver 2.46.628388 (4a34a70827ac54148e092aafb70504c4ea7ae926) on port 9516
Only local connections are allowed.
Please protect ports used by ChromeDriver and related test frameworks to prevent access by malicious code.
Stopping chromedriver process listening on port 9516
97581
Finding children processes of chromedriver and killing them
Removing session file if exists
YAY! No job has failed.
Project name:  phoenixAdaptiveSequence
Database port for remote connection:  5433
Application port for remote connection:  4001
Chromedriver port:  9516
skipping install
ADAPTIVE RANDOM STRATEGY: sequence only
Starting chromedriver on port 9516
Starting ChromeDriver 2.46.628388 (4a34a70827ac54148e092aafb70504c4ea7ae926) on port 9516
Only local connections are allowed.
Please protect ports used by ChromeDriver and related test frameworks to prevent access by malicious code.
Stopping chromedriver process listening on port 9516
97656
Finding children processes of chromedriver and killing them
Removing session file if exists
YAY! No job has failed.
Project name:  phoenixAdaptiveSequence
Database port for remote connection:  5433
Application port for remote connection:  4001
Chromedriver port:  9516
skipping install
ADAPTIVE RANDOM STRATEGY: sequence only
Starting chromedriver on port 9516
Starting ChromeDriver 2.46.628388 (4a34a70827ac54148e092aafb70504c4ea7ae926) on port 9516
Only local connections are allowed.
Please protect ports used by ChromeDriver and related test frameworks to prevent access by malicious code.
Stopping chromedriver process listening on port 9516
97696
Finding children processes of chromedriver and killing them
Removing session file if exists
YAY! No job has failed.
Project name:  phoenixAdaptiveSequence
Database port for remote connection:  5433
Application port for remote connection:  4001
Chromedriver port:  9516
skipping install
ADAPTIVE RANDOM STRATEGY: sequence only
Starting chromedriver on port 9516
Starting ChromeDriver 2.46.628388 (4a34a70827ac54148e092aafb70504c4ea7ae926) on port 9516
Only local connections are allowed.
Please protect ports used by ChromeDriver and related test frameworks to prevent access by malicious code.
Stopping chromedriver process listening on port 9516
97736
Finding children processes of chromedriver and killing them
Removing session file if exists
YAY! No job has failed.
Project name:  phoenixAdaptiveSequence
Database port for remote connection:  5433
Application port for remote connection:  4001
Chromedriver port:  9516
skipping install
ADAPTIVE RANDOM STRATEGY: sequence only
Starting chromedriver on port 9516
Starting ChromeDriver 2.46.628388 (4a34a70827ac54148e092aafb70504c4ea7ae926) on port 9516
Only local connections are allowed.
Please protect ports used by ChromeDriver and related test frameworks to prevent access by malicious code.
Stopping chromedriver process listening on port 9516
97776
Finding children processes of chromedriver and killing them
Removing session file if exists
YAY! No job has failed.
Project name:  phoenixAdaptiveSequence
Database port for remote connection:  5433
Application port for remote connection:  4001
Chromedriver port:  9516
skipping install
ADAPTIVE RANDOM STRATEGY: sequence only
Starting chromedriver on port 9516
Starting ChromeDriver 2.46.628388 (4a34a70827ac54148e092aafb70504c4ea7ae926) on port 9516
Only local connections are allowed.
Please protect ports used by ChromeDriver and related test frameworks to prevent access by malicious code.
Stopping chromedriver process listening on port 9516
97816
Finding children processes of chromedriver and killing them
Removing session file if exists
YAY! No job has failed.
Project name:  phoenixAdaptiveSequence
Database port for remote connection:  5433
Application port for remote connection:  4001
Chromedriver port:  9516
skipping install
ADAPTIVE RANDOM STRATEGY: sequence only
Starting chromedriver on port 9516
Starting ChromeDriver 2.46.628388 (4a34a70827ac54148e092aafb70504c4ea7ae926) on port 9516
Only local connections are allowed.
Please protect ports used by ChromeDriver and related test frameworks to prevent access by malicious code.
Stopping chromedriver process listening on port 9516
97856
Finding children processes of chromedriver and killing them
Removing session file if exists
YAY! No job has failed.
Project name:  phoenixAdaptiveSequence
Database port for remote connection:  5433
Application port for remote connection:  4001
Chromedriver port:  9516
skipping install
ADAPTIVE RANDOM STRATEGY: sequence only
Starting chromedriver on port 9516
Starting ChromeDriver 2.46.628388 (4a34a70827ac54148e092aafb70504c4ea7ae926) on port 9516
Only local connections are allowed.
Please protect ports used by ChromeDriver and related test frameworks to prevent access by malicious code.
Stopping chromedriver process listening on port 9516
97896
Finding children processes of chromedriver and killing them
Removing session file if exists
YAY! No job has failed.
Project name:  phoenixAdaptiveSequence
Database port for remote connection:  5433
Application port for remote connection:  4001
Chromedriver port:  9516
skipping install
ADAPTIVE RANDOM STRATEGY: sequence only
Starting chromedriver on port 9516
Starting ChromeDriver 2.46.628388 (4a34a70827ac54148e092aafb70504c4ea7ae926) on port 9516
Only local connections are allowed.
Please protect ports used by ChromeDriver and related test frameworks to prevent access by malicious code.
Stopping chromedriver process listening on port 9516
97937
Finding children processes of chromedriver and killing them
Removing session file if exists
YAY! No job has failed.
Project name:  phoenixAdaptiveSequence
Database port for remote connection:  5433
Application port for remote connection:  4001
Chromedriver port:  9516
skipping install
ADAPTIVE RANDOM STRATEGY: sequence only
Starting chromedriver on port 9516
Starting ChromeDriver 2.46.628388 (4a34a70827ac54148e092aafb70504c4ea7ae926) on port 9516
Only local connections are allowed.
Please protect ports used by ChromeDriver and related test frameworks to prevent access by malicious code.
Stopping chromedriver process listening on port 9516
97977
Finding children processes of chromedriver and killing them
Removing session file if exists
YAY! No job has failed.
Project name:  phoenixAdaptiveSequence
Database port for remote connection:  5433
Application port for remote connection:  4001
Chromedriver port:  9516
skipping install
ADAPTIVE RANDOM STRATEGY: sequence only
Starting chromedriver on port 9516
Starting ChromeDriver 2.46.628388 (4a34a70827ac54148e092aafb70504c4ea7ae926) on port 9516
Only local connections are allowed.
Please protect ports used by ChromeDriver and related test frameworks to prevent access by malicious code.
Stopping chromedriver process listening on port 9516
98017
Finding children processes of chromedriver and killing them
Removing session file if exists
YAY! No job has failed.
Project name:  phoenixAdaptiveSequence
Database port for remote connection:  5433
Application port for remote connection:  4001
Chromedriver port:  9516
skipping install
ADAPTIVE RANDOM STRATEGY: sequence only
Starting chromedriver on port 9516
Starting ChromeDriver 2.46.628388 (4a34a70827ac54148e092aafb70504c4ea7ae926) on port 9516
Only local connections are allowed.
Please protect ports used by ChromeDriver and related test frameworks to prevent access by malicious code.
Stopping chromedriver process listening on port 9516
98057
Finding children processes of chromedriver and killing them
Removing session file if exists
YAY! No job has failed.
Project name:  phoenixAdaptiveSequence
Database port for remote connection:  5433
Application port for remote connection:  4001
Chromedriver port:  9516
skipping install
ADAPTIVE RANDOM STRATEGY: sequence only
Starting chromedriver on port 9516
Starting ChromeDriver 2.46.628388 (4a34a70827ac54148e092aafb70504c4ea7ae926) on port 9516
Only local connections are allowed.
Please protect ports used by ChromeDriver and related test frameworks to prevent access by malicious code.
Stopping chromedriver process listening on port 9516
98097
Finding children processes of chromedriver and killing them
Removing session file if exists
YAY! No job has failed.
Project name:  phoenixAdaptiveSequence
Database port for remote connection:  5433
Application port for remote connection:  4001
Chromedriver port:  9516
skipping install
ADAPTIVE RANDOM STRATEGY: sequence only
Starting chromedriver on port 9516
Starting ChromeDriver 2.46.628388 (4a34a70827ac54148e092aafb70504c4ea7ae926) on port 9516
Only local connections are allowed.
Please protect ports used by ChromeDriver and related test frameworks to prevent access by malicious code.
Stopping chromedriver process listening on port 9516
98137
Finding children processes of chromedriver and killing them
Removing session file if exists
YAY! No job has failed.
Project name:  phoenixAdaptiveSequence
Database port for remote connection:  5433
Application port for remote connection:  4001
Chromedriver port:  9516
skipping install
ADAPTIVE RANDOM STRATEGY: sequence only
Starting chromedriver on port 9516
Starting ChromeDriver 2.46.628388 (4a34a70827ac54148e092aafb70504c4ea7ae926) on port 9516
Only local connections are allowed.
Please protect ports used by ChromeDriver and related test frameworks to prevent access by malicious code.
Stopping chromedriver process listening on port 9516
98177
Finding children processes of chromedriver and killing them
Removing session file if exists
YAY! No job has failed.
Project name:  phoenixAdaptiveSequence
Database port for remote connection:  5433
Application port for remote connection:  4001
Chromedriver port:  9516
skipping install
ADAPTIVE RANDOM STRATEGY: sequence only
Starting chromedriver on port 9516
Starting ChromeDriver 2.46.628388 (4a34a70827ac54148e092aafb70504c4ea7ae926) on port 9516
Only local connections are allowed.
Please protect ports used by ChromeDriver and related test frameworks to prevent access by malicious code.
Stopping chromedriver process listening on port 9516
98217
Finding children processes of chromedriver and killing them
Removing session file if exists
YAY! No job has failed.
Project name:  phoenixAdaptiveSequence
Database port for remote connection:  5433
Application port for remote connection:  4001
Chromedriver port:  9516
skipping install
ADAPTIVE RANDOM STRATEGY: sequence only
Starting chromedriver on port 9516
Starting ChromeDriver 2.46.628388 (4a34a70827ac54148e092aafb70504c4ea7ae926) on port 9516
Only local connections are allowed.
Please protect ports used by ChromeDriver and related test frameworks to prevent access by malicious code.
Stopping chromedriver process listening on port 9516
98257
Finding children processes of chromedriver and killing them
Removing session file if exists
YAY! No job has failed.
Project name:  phoenixAdaptiveSequence
Database port for remote connection:  5433
Application port for remote connection:  4001
Chromedriver port:  9516
skipping install
ADAPTIVE RANDOM STRATEGY: sequence only
Starting chromedriver on port 9516
Starting ChromeDriver 2.46.628388 (4a34a70827ac54148e092aafb70504c4ea7ae926) on port 9516
Only local connections are allowed.
Please protect ports used by ChromeDriver and related test frameworks to prevent access by malicious code.
Stopping chromedriver process listening on port 9516
98297
Finding children processes of chromedriver and killing them
Removing session file if exists
YAY! No job has failed.
Project name:  phoenixAdaptiveSequence
Database port for remote connection:  5433
Application port for remote connection:  4001
Chromedriver port:  9516
skipping install
ADAPTIVE RANDOM STRATEGY: sequence only
Starting chromedriver on port 9516
Starting ChromeDriver 2.46.628388 (4a34a70827ac54148e092aafb70504c4ea7ae926) on port 9516
Only local connections are allowed.
Please protect ports used by ChromeDriver and related test frameworks to prevent access by malicious code.
Stopping chromedriver process listening on port 9516
98337
Finding children processes of chromedriver and killing them
Removing session file if exists
YAY! No job has failed.
Project name:  phoenixAdaptiveSequence
Database port for remote connection:  5433
Application port for remote connection:  4001
Chromedriver port:  9516
skipping install
ADAPTIVE RANDOM STRATEGY: sequence only
Starting chromedriver on port 9516
Starting ChromeDriver 2.46.628388 (4a34a70827ac54148e092aafb70504c4ea7ae926) on port 9516
Only local connections are allowed.
Please protect ports used by ChromeDriver and related test frameworks to prevent access by malicious code.
Stopping chromedriver process listening on port 9516
98377
Finding children processes of chromedriver and killing them
Removing session file if exists
YAY! No job has failed.
Project name:  phoenixAdaptiveSequence
Database port for remote connection:  5433
Application port for remote connection:  4001
Chromedriver port:  9516
skipping install
ADAPTIVE RANDOM STRATEGY: sequence only
Starting chromedriver on port 9516
Starting ChromeDriver 2.46.628388 (4a34a70827ac54148e092aafb70504c4ea7ae926) on port 9516
Only local connections are allowed.
Please protect ports used by ChromeDriver and related test frameworks to prevent access by malicious code.
Stopping chromedriver process listening on port 9516
98417
Finding children processes of chromedriver and killing them
Removing session file if exists
YAY! No job has failed.
Stopping containers
phoenixAdaptiveSequence
phoenixAdaptiveSequence
