Iterations:  15
Port app: 4201
Production: yes
Container name: splittypieAdaptiveSequence
b1fbc433113a1da092440821a506c2b02b0fee915711cd738a9f88c47cb82468
Waiting for application servers to start...
Start testing
Project name:  splittypieAdaptiveSequence
Application port for remote connection:  4201
Chromedriver port:  9516
skipping install
ADAPTIVE RANDOM STRATEGY: sequence only
Starting chromedriver on port 9516
Starting ChromeDriver 2.46.628388 (4a34a70827ac54148e092aafb70504c4ea7ae926) on port 9516
Only local connections are allowed.
Please protect ports used by ChromeDriver and related test frameworks to prevent access by malicious code.
Stopping chromedriver process listening on port 9516
Finding children processes of chromedriver and killing them
Removing session file if exists
YAY! No job has failed.
Project name:  splittypieAdaptiveSequence
Application port for remote connection:  4201
Chromedriver port:  9516
skipping install
ADAPTIVE RANDOM STRATEGY: sequence only
Starting chromedriver on port 9516
Starting ChromeDriver 2.46.628388 (4a34a70827ac54148e092aafb70504c4ea7ae926) on port 9516
Only local connections are allowed.
Please protect ports used by ChromeDriver and related test frameworks to prevent access by malicious code.
Stopping chromedriver process listening on port 9516
Finding children processes of chromedriver and killing them
Removing session file if exists
YAY! No job has failed.
Project name:  splittypieAdaptiveSequence
Application port for remote connection:  4201
Chromedriver port:  9516
skipping install
ADAPTIVE RANDOM STRATEGY: sequence only
Starting chromedriver on port 9516
Starting ChromeDriver 2.46.628388 (4a34a70827ac54148e092aafb70504c4ea7ae926) on port 9516
Only local connections are allowed.
Please protect ports used by ChromeDriver and related test frameworks to prevent access by malicious code.
Stopping chromedriver process listening on port 9516
Finding children processes of chromedriver and killing them
Removing session file if exists
YAY! No job has failed.
Project name:  splittypieAdaptiveSequence
Application port for remote connection:  4201
Chromedriver port:  9516
skipping install
ADAPTIVE RANDOM STRATEGY: sequence only
Starting chromedriver on port 9516
Starting ChromeDriver 2.46.628388 (4a34a70827ac54148e092aafb70504c4ea7ae926) on port 9516
Only local connections are allowed.
Please protect ports used by ChromeDriver and related test frameworks to prevent access by malicious code.
Stopping chromedriver process listening on port 9516
Finding children processes of chromedriver and killing them
Removing session file if exists
YAY! No job has failed.
Project name:  splittypieAdaptiveSequence
Application port for remote connection:  4201
Chromedriver port:  9516
skipping install
ADAPTIVE RANDOM STRATEGY: sequence only
Starting chromedriver on port 9516
Starting ChromeDriver 2.46.628388 (4a34a70827ac54148e092aafb70504c4ea7ae926) on port 9516
Only local connections are allowed.
Please protect ports used by ChromeDriver and related test frameworks to prevent access by malicious code.
Stopping chromedriver process listening on port 9516
Finding children processes of chromedriver and killing them
Removing session file if exists
YAY! No job has failed.
Project name:  splittypieAdaptiveSequence
Application port for remote connection:  4201
Chromedriver port:  9516
skipping install
ADAPTIVE RANDOM STRATEGY: sequence only
Starting chromedriver on port 9516
Starting ChromeDriver 2.46.628388 (4a34a70827ac54148e092aafb70504c4ea7ae926) on port 9516
Only local connections are allowed.
Please protect ports used by ChromeDriver and related test frameworks to prevent access by malicious code.
Stopping chromedriver process listening on port 9516
Finding children processes of chromedriver and killing them
Removing session file if exists
YAY! No job has failed.
Project name:  splittypieAdaptiveSequence
Application port for remote connection:  4201
Chromedriver port:  9516
skipping install
ADAPTIVE RANDOM STRATEGY: sequence only
Starting chromedriver on port 9516
Starting ChromeDriver 2.46.628388 (4a34a70827ac54148e092aafb70504c4ea7ae926) on port 9516
Only local connections are allowed.
Please protect ports used by ChromeDriver and related test frameworks to prevent access by malicious code.
Stopping chromedriver process listening on port 9516
Finding children processes of chromedriver and killing them
Removing session file if exists
YAY! No job has failed.
Project name:  splittypieAdaptiveSequence
Application port for remote connection:  4201
Chromedriver port:  9516
skipping install
ADAPTIVE RANDOM STRATEGY: sequence only
Starting chromedriver on port 9516
Starting ChromeDriver 2.46.628388 (4a34a70827ac54148e092aafb70504c4ea7ae926) on port 9516
Only local connections are allowed.
Please protect ports used by ChromeDriver and related test frameworks to prevent access by malicious code.
Stopping chromedriver process listening on port 9516
Finding children processes of chromedriver and killing them
Removing session file if exists
YAY! No job has failed.
Project name:  splittypieAdaptiveSequence
Application port for remote connection:  4201
Chromedriver port:  9516
skipping install
ADAPTIVE RANDOM STRATEGY: sequence only
Starting chromedriver on port 9516
Starting ChromeDriver 2.46.628388 (4a34a70827ac54148e092aafb70504c4ea7ae926) on port 9516
Only local connections are allowed.
Please protect ports used by ChromeDriver and related test frameworks to prevent access by malicious code.
Stopping chromedriver process listening on port 9516
Finding children processes of chromedriver and killing them
Removing session file if exists
YAY! No job has failed.
Project name:  splittypieAdaptiveSequence
Application port for remote connection:  4201
Chromedriver port:  9516
skipping install
ADAPTIVE RANDOM STRATEGY: sequence only
Starting chromedriver on port 9516
Starting ChromeDriver 2.46.628388 (4a34a70827ac54148e092aafb70504c4ea7ae926) on port 9516
Only local connections are allowed.
Please protect ports used by ChromeDriver and related test frameworks to prevent access by malicious code.
Stopping chromedriver process listening on port 9516
Finding children processes of chromedriver and killing them
Removing session file if exists
YAY! No job has failed.
Project name:  splittypieAdaptiveSequence
Application port for remote connection:  4201
Chromedriver port:  9516
skipping install
ADAPTIVE RANDOM STRATEGY: sequence only
Starting chromedriver on port 9516
Starting ChromeDriver 2.46.628388 (4a34a70827ac54148e092aafb70504c4ea7ae926) on port 9516
Only local connections are allowed.
Please protect ports used by ChromeDriver and related test frameworks to prevent access by malicious code.
Stopping chromedriver process listening on port 9516
Finding children processes of chromedriver and killing them
Removing session file if exists
YAY! No job has failed.
Project name:  splittypieAdaptiveSequence
Application port for remote connection:  4201
Chromedriver port:  9516
skipping install
ADAPTIVE RANDOM STRATEGY: sequence only
Starting chromedriver on port 9516
Starting ChromeDriver 2.46.628388 (4a34a70827ac54148e092aafb70504c4ea7ae926) on port 9516
Only local connections are allowed.
Please protect ports used by ChromeDriver and related test frameworks to prevent access by malicious code.
Stopping chromedriver process listening on port 9516
Finding children processes of chromedriver and killing them
Removing session file if exists
YAY! No job has failed.
Project name:  splittypieAdaptiveSequence
Application port for remote connection:  4201
Chromedriver port:  9516
skipping install
ADAPTIVE RANDOM STRATEGY: sequence only
Starting chromedriver on port 9516
Starting ChromeDriver 2.46.628388 (4a34a70827ac54148e092aafb70504c4ea7ae926) on port 9516
Only local connections are allowed.
Please protect ports used by ChromeDriver and related test frameworks to prevent access by malicious code.
Stopping chromedriver process listening on port 9516
Finding children processes of chromedriver and killing them
Removing session file if exists
YAY! No job has failed.
Project name:  splittypieAdaptiveSequence
Application port for remote connection:  4201
Chromedriver port:  9516
skipping install
ADAPTIVE RANDOM STRATEGY: sequence only
Starting chromedriver on port 9516
Starting ChromeDriver 2.46.628388 (4a34a70827ac54148e092aafb70504c4ea7ae926) on port 9516
Only local connections are allowed.
Please protect ports used by ChromeDriver and related test frameworks to prevent access by malicious code.
Stopping chromedriver process listening on port 9516
Finding children processes of chromedriver and killing them
Removing session file if exists
YAY! No job has failed.
Project name:  splittypieAdaptiveSequence
Application port for remote connection:  4201
Chromedriver port:  9516
skipping install
ADAPTIVE RANDOM STRATEGY: sequence only
Starting chromedriver on port 9516
Starting ChromeDriver 2.46.628388 (4a34a70827ac54148e092aafb70504c4ea7ae926) on port 9516
Only local connections are allowed.
Please protect ports used by ChromeDriver and related test frameworks to prevent access by malicious code.
Stopping chromedriver process listening on port 9516
Finding children processes of chromedriver and killing them
Removing session file if exists
YAY! No job has failed.
Stopping containers
splittypieAdaptiveSequence
splittypieAdaptiveSequence
